dev.ebiz.verizon.com/xsnc-parser/xsncparser/bonita/service/v2/3000002
2024-07-24 07:05:04 INFO  NTLS.API.CommonFunctions:81 - Parser JSON: {
"serviceId":3000002
}
2024-07-24 07:05:41 INFO  vz.driver.APIDriver:263 - Parser SUCCESS response: {
  "status" : "Success",
  "sncs" : [ ],
  "hotCutFlag" : false,
  "xsncIdList" : [ ],
  "routes" : [ ]
}
2024-07-24 07:05:41 INFO  HBH.API.Ciena_NNI_INSTALL:160 - Validate the fields in XSNC parser
2024-07-24 07:05:53 INFO  vz.driver.APIDriver:263 - XSNC_ID: 1139488 MANAGING_ENTITY:BNC BANDWIDTH: 10GBPS CONNECT_TYPE: UNICONF REQUEST_TYPE: ADD STATUS: NEW
2024-07-24 07:05:53 INFO  NTLS.API.CommonFunctions:653 - XSNC Validation Successfull
2024-07-24 07:06:04 INFO  vz.driver.APIDriver:263 - XSNC_ID: 1139276 MANAGING_ENTITY:CDG BANDWIDTH: 10GE CONNECT_TYPE: CUST_HAND_OFF REQUEST_TYPE: ADD STATUS: NEW
2024-07-24 07:06:04 INFO  NTLS.API.CommonFunctions:653 - XSNC Validation Successfull
No mail will be sent out, as 'NTS.NT4V.CUSTOMER-ACTIVATION.JOBS » NTS.TCEV.IEN.ART2.DEV.HBH-REG.CUSTOMER-ACTIVATION.API » verizonframework #335' does not have a result yet. Please make sure you set a proper result in case of pipeline/build scripts.

Results :

Tests run: 0, Failures: 0, Errors: 0, Skipped: 0

[WARNING] Failed to notify spy hudson.maven.Maven3Builder$JenkinsEventSpy: java.util.concurrent.ExecutionException: Invalid object ID 6 iota=12
[WARNING] Failed to notify spy hudson.maven.Maven3Builder$JenkinsEventSpy: java.util.concurrent.ExecutionException: Invalid object ID 6 iota=12
[WARNING] Failed to notify spy hudson.maven.Maven3Builder$JenkinsEventSpy: java.util.concurrent.ExecutionException: Invalid object ID 6 iota=12
[INFO] ------------------------------------------------------------------------
[INFO] BUILD FAILURE
[INFO] ------------------------------------------------------------------------
[INFO] Total time:  01:43 min
[INFO] Finished at: 2024-07-24T07:06:10-04:00
[INFO] ------------------------------------------------------------------------
[ERROR] Failed to execute goal org.apache.maven.plugins:maven-surefire-plugin:2.19.1:test (default-test) on project verizonframework: Execution default-test of goal org.apache.maven.plugins:maven-surefire-plugin:2.19.1:test failed: The forked VM terminated without properly saying goodbye. VM crash or System.exit called?
[ERROR] Command was /bin/sh -c cd /usr/tmp/nts2/workspace/NTS.NT4V.CUSTOMER-ACTIVATION.JOBS/NTS.TCEV.IEN.ART2.DEV.HBH-REG.CUSTOMER-ACTIVATION.API && /usr/lib/jvm/java-11-openjdk-11.0.19.0.7-4.el8.x86_64/bin/java -jar /usr/tmp/nts2/workspace/NTS.NT4V.CUSTOMER-ACTIVATION.JOBS/NTS.TCEV.IEN.ART2.DEV.HBH-REG.CUSTOMER-ACTIVATION.API/target/surefire/surefirebooter18238528163335111823.jar /usr/tmp/nts2/workspace/NTS.NT4V.CUSTOMER-ACTIVATION.JOBS/NTS.TCEV.IEN.ART2.DEV.HBH-REG.CUSTOMER-ACTIVATION.API/target/surefire/surefire17406558879723244003tmp /usr/tmp/nts2/workspace/NTS.NT4V.CUSTOMER-ACTIVATION.JOBS/NTS.TCEV.IEN.ART2.DEV.HBH-REG.CUSTOMER-ACTIVATION.API/target/surefire/surefire_016781559274474146606tmp
[ERROR] -> [Help 1]
[ERROR] 
[ERROR] To see the full stack trace of the errors, re-run Maven with the -e switch.
[ERROR] Re-run Maven using the -X switch to enable full debug logging.
[ERROR] 
[ERROR] For more information about the errors and possible solutions, please read the following articles:
[ERROR] [Help 1] http://cwiki.apache.org/confluence/display/MAVEN/PluginExecutionException
New run name is '#335'
Build was aborted
Aborted by Rangrez, Imran
[htmlpublisher] Archiving HTML reports...
[htmlpublisher] Archiving at PROJECT level /usr/tmp/nts2/workspace/NTS.NT4V.CUSTOMER-ACTIVATION.JOBS/NTS.TCEV.IEN.ART2.DEV.HBH-REG.CUSTOMER-ACTIVATION.API/ExtentReport to /apps/opt/jn-nts2-vd/jnhome/jobs/NTS.NT4V.CUSTOMER-ACTIVATION.JOBS/jobs/NTS.TCEV.IEN.ART2.DEV.HBH-REG.CUSTOMER-ACTIVATION.API/htmlreports/Custom_5fReport
channel stopped
[htmlpublisher] Archiving at PROJECT level /usr/tmp/nts2/workspace/NTS.NT4V.CUSTOMER-ACTIVATION.JOBS/NTS.TCEV.IEN.ART2.DEV.HBH-REG.CUSTOMER-ACTIVATION.API/ExtentReport to /apps/opt/jn-nts2-vd/jnhome/jobs/NTS.NT4V.CUSTOMER-ACTIVATION.JOBS/jobs/NTS.TCEV.IEN.ART2.DEV.HBH-REG.CUSTOMER-ACTIVATION.API/htmlreports/FailureDetails_5fReport
[htmlpublisher] Archiving at PROJECT level /usr/tmp/nts2/workspace/NTS.NT4V.CUSTOMER-ACTIVATION.JOBS/NTS.TCEV.IEN.ART2.DEV.HBH-REG.CUSTOMER-ACTIVATION.API/ExtentReport to /apps/opt/jn-nts2-vd/jnhome/jobs/NTS.NT4V.CUSTOMER-ACTIVATION.JOBS/jobs/NTS.TCEV.IEN.ART2.DEV.HBH-REG.CUSTOMER-ACTIVATION.API/htmlreports/Summary_5fReport
[PostBuildScript] - [INFO] Executing post build scripts.
Notifying upstream projects of job completion
Extended Email Publisher is currently disabled in project settings
Finished: ABORTED